mode: set
github.com/dinhtatuanlinh/simplebank/util/random.go:11.13,13.2 1 0
github.com/dinhtatuanlinh/simplebank/util/random.go:15.38,17.2 1 0
github.com/dinhtatuanlinh/simplebank/util/random.go:19.33,22.25 3 0
github.com/dinhtatuanlinh/simplebank/util/random.go:22.25,25.3 2 0
github.com/dinhtatuanlinh/simplebank/util/random.go:27.2,27.20 1 0
github.com/dinhtatuanlinh/simplebank/util/random.go:30.27,32.2 1 0
github.com/dinhtatuanlinh/simplebank/util/random.go:34.26,36.2 1 0
github.com/dinhtatuanlinh/simplebank/util/random.go:37.30,41.2 3 0
github.com/dinhtatuanlinh/simplebank/db/sqlc/account.sql.go:23.104,34.2 4 1
github.com/dinhtatuanlinh/simplebank/db/sqlc/account.sql.go:49.96,60.2 4 1
github.com/dinhtatuanlinh/simplebank/db/sqlc/account.sql.go:68.70,71.2 2 1
github.com/dinhtatuanlinh/simplebank/db/sqlc/account.sql.go:79.78,90.2 4 1
github.com/dinhtatuanlinh/simplebank/db/sqlc/account.sql.go:100.87,111.2 4 0
github.com/dinhtatuanlinh/simplebank/db/sqlc/account.sql.go:125.96,127.16 2 1
github.com/dinhtatuanlinh/simplebank/db/sqlc/account.sql.go:127.16,129.3 1 0
github.com/dinhtatuanlinh/simplebank/db/sqlc/account.sql.go:130.2,132.18 3 1
github.com/dinhtatuanlinh/simplebank/db/sqlc/account.sql.go:132.18,140.17 2 1
github.com/dinhtatuanlinh/simplebank/db/sqlc/account.sql.go:140.17,142.4 1 0
github.com/dinhtatuanlinh/simplebank/db/sqlc/account.sql.go:143.3,143.27 1 1
github.com/dinhtatuanlinh/simplebank/db/sqlc/account.sql.go:145.2,145.37 1 1
github.com/dinhtatuanlinh/simplebank/db/sqlc/account.sql.go:145.37,147.3 1 0
github.com/dinhtatuanlinh/simplebank/db/sqlc/account.sql.go:148.2,148.35 1 1
github.com/dinhtatuanlinh/simplebank/db/sqlc/account.sql.go:148.35,150.3 1 0
github.com/dinhtatuanlinh/simplebank/db/sqlc/account.sql.go:151.2,151.19 1 1
github.com/dinhtatuanlinh/simplebank/db/sqlc/account.sql.go:165.96,176.2 4 1
github.com/dinhtatuanlinh/simplebank/db/sqlc/db.go:19.28,21.2 1 1
github.com/dinhtatuanlinh/simplebank/db/sqlc/db.go:27.47,31.2 1 0
github.com/dinhtatuanlinh/simplebank/db/sqlc/entry.sql.go:23.90,33.2 4 1
github.com/dinhtatuanlinh/simplebank/db/sqlc/entry.sql.go:41.74,51.2 4 1
github.com/dinhtatuanlinh/simplebank/db/sqlc/entry.sql.go:67.92,69.16 2 0
github.com/dinhtatuanlinh/simplebank/db/sqlc/entry.sql.go:69.16,71.3 1 0
github.com/dinhtatuanlinh/simplebank/db/sqlc/entry.sql.go:72.2,74.18 3 0
github.com/dinhtatuanlinh/simplebank/db/sqlc/entry.sql.go:74.18,81.17 2 0
github.com/dinhtatuanlinh/simplebank/db/sqlc/entry.sql.go:81.17,83.4 1 0
github.com/dinhtatuanlinh/simplebank/db/sqlc/entry.sql.go:84.3,84.27 1 0
github.com/dinhtatuanlinh/simplebank/db/sqlc/entry.sql.go:86.2,86.37 1 0
github.com/dinhtatuanlinh/simplebank/db/sqlc/entry.sql.go:86.37,88.3 1 0
github.com/dinhtatuanlinh/simplebank/db/sqlc/entry.sql.go:89.2,89.35 1 0
github.com/dinhtatuanlinh/simplebank/db/sqlc/entry.sql.go:89.35,91.3 1 0
github.com/dinhtatuanlinh/simplebank/db/sqlc/entry.sql.go:92.2,92.19 1 0
github.com/dinhtatuanlinh/simplebank/db/sqlc/store.go:14.34,19.2 1 1
github.com/dinhtatuanlinh/simplebank/db/sqlc/store.go:21.80,24.16 2 1
github.com/dinhtatuanlinh/simplebank/db/sqlc/store.go:24.16,26.3 1 0
github.com/dinhtatuanlinh/simplebank/db/sqlc/store.go:28.2,30.16 3 1
github.com/dinhtatuanlinh/simplebank/db/sqlc/store.go:30.16,31.43 1 0
github.com/dinhtatuanlinh/simplebank/db/sqlc/store.go:31.43,33.4 1 0
github.com/dinhtatuanlinh/simplebank/db/sqlc/store.go:34.3,34.13 1 0
github.com/dinhtatuanlinh/simplebank/db/sqlc/store.go:37.2,37.20 1 1
github.com/dinhtatuanlinh/simplebank/db/sqlc/store.go:54.101,57.50 2 1
github.com/dinhtatuanlinh/simplebank/db/sqlc/store.go:57.50,64.17 3 1
github.com/dinhtatuanlinh/simplebank/db/sqlc/store.go:64.17,66.4 1 0
github.com/dinhtatuanlinh/simplebank/db/sqlc/store.go:68.3,72.17 2 1
github.com/dinhtatuanlinh/simplebank/db/sqlc/store.go:72.17,74.4 1 0
github.com/dinhtatuanlinh/simplebank/db/sqlc/store.go:76.3,80.17 2 1
github.com/dinhtatuanlinh/simplebank/db/sqlc/store.go:80.17,82.4 1 0
github.com/dinhtatuanlinh/simplebank/db/sqlc/store.go:84.3,93.13 3 1
github.com/dinhtatuanlinh/simplebank/db/sqlc/store.go:96.2,96.20 1 1
github.com/dinhtatuanlinh/simplebank/db/sqlc/transfer.sql.go:25.99,36.2 4 1
github.com/dinhtatuanlinh/simplebank/db/sqlc/transfer.sql.go:44.80,55.2 4 1
github.com/dinhtatuanlinh/simplebank/db/sqlc/transfer.sql.go:73.99,80.16 2 0
github.com/dinhtatuanlinh/simplebank/db/sqlc/transfer.sql.go:80.16,82.3 1 0
github.com/dinhtatuanlinh/simplebank/db/sqlc/transfer.sql.go:83.2,85.18 3 0
github.com/dinhtatuanlinh/simplebank/db/sqlc/transfer.sql.go:85.18,93.17 2 0
github.com/dinhtatuanlinh/simplebank/db/sqlc/transfer.sql.go:93.17,95.4 1 0
github.com/dinhtatuanlinh/simplebank/db/sqlc/transfer.sql.go:96.3,96.27 1 0
github.com/dinhtatuanlinh/simplebank/db/sqlc/transfer.sql.go:98.2,98.37 1 0
github.com/dinhtatuanlinh/simplebank/db/sqlc/transfer.sql.go:98.37,100.3 1 0
github.com/dinhtatuanlinh/simplebank/db/sqlc/transfer.sql.go:101.2,101.35 1 0
github.com/dinhtatuanlinh/simplebank/db/sqlc/transfer.sql.go:101.35,103.3 1 0
github.com/dinhtatuanlinh/simplebank/db/sqlc/transfer.sql.go:104.2,104.19 1 0
github.com/dinhtatuanlinh/simplebank/util/random.go:11.13,13.2 1 1
github.com/dinhtatuanlinh/simplebank/util/random.go:15.38,17.2 1 1
github.com/dinhtatuanlinh/simplebank/util/random.go:19.33,22.25 3 1
github.com/dinhtatuanlinh/simplebank/util/random.go:22.25,25.3 2 1
github.com/dinhtatuanlinh/simplebank/util/random.go:27.2,27.20 1 1
github.com/dinhtatuanlinh/simplebank/util/random.go:30.27,32.2 1 1
github.com/dinhtatuanlinh/simplebank/util/random.go:34.26,36.2 1 1
github.com/dinhtatuanlinh/simplebank/util/random.go:37.30,41.2 3 1
